08.11.33  [main] 	Initializing Control Panel
08.11.33  [main] 	Windows Version:  Home  64-bit
08.11.33  [main] 	XAMPP Version: 8.2.12
08.11.33  [main] 	Control Panel Version: 3.3.0  [ Compiled: Apr 6th 2021 ]
08.11.33  [main] 	Running with Administrator rights - good!
08.11.33  [main] 	XAMPP Installation Directory: "c:\xampp\htdocs\kelas 10\vidio\php_smk\xampp\"
08.11.33  [main] 	WARNING: Your install directory contains spaces.  This may break programs/scripts
08.11.33  [main] 	Checking for prerequisites
08.11.33  [main] 	All prerequisites found
08.11.33  [main] 	Initializing Modules
08.11.33  [Apache] 	XAMPP Apache Service is already running on port 80
08.11.33  [Apache] 	XAMPP Apache Service is already running on port 443
08.11.33  [main] 	Starting Check-Timer
08.11.33  [main] 	Control Panel Ready
08.11.35  [Apache] 	Attempting to stop Apache service...
08.11.37  [Apache] 	Status change detected: stopped
08.12.44  [Apache] 	Status change detected: running
08.47.25  [main] 	Deinitializing Modules
08.47.25  [main] 	Deinitializing Control Panel

08.04.13  [main] 	Initializing Control Panel
08.04.13  [main] 	Windows Version:  Home  64-bit
08.04.13  [main] 	XAMPP Version: 8.2.12
08.04.13  [main] 	Control Panel Version: 3.3.0  [ Compiled: Apr 6th 2021 ]
08.04.13  [main] 	Running with Administrator rights - good!
08.04.13  [main] 	XAMPP Installation Directory: "c:\xampp\htdocs\kelas 10\vidio\php_smk\xampp\"
08.04.13  [main] 	WARNING: Your install directory contains spaces.  This may break programs/scripts
08.04.13  [main] 	Checking for prerequisites
08.04.13  [main] 	All prerequisites found
08.04.13  [main] 	Initializing Modules
08.04.13  [main] 	Starting Check-Timer
08.04.13  [main] 	Control Panel Ready
08.04.18  [Apache] 	Attempting to start Apache app...
08.04.18  [Apache] 	Status change detected: running
08.09.35  [Apache] 	Status change detected: stopped
08.09.35  [Apache] 	Error: Apache shutdown unexpectedly.
08.09.35  [Apache] 	This may be due to a blocked port, missing dependencies, 
08.09.35  [Apache] 	improper privileges, a crash, or a shutdown by another method.
08.09.35  [Apache] 	Press the Logs button to view error logs and check
08.09.35  [Apache] 	the Windows Event Viewer for more clues
08.09.35  [Apache] 	If you need more help, copy and post this
08.09.35  [Apache] 	entire log window on the forums
08.09.38  [Apache] 	Status change detected: running
08.09.39  [Apache] 	Status change detected: stopped
08.09.39  [Apache] 	Error: Apache shutdown unexpectedly.
08.09.39  [Apache] 	This may be due to a blocked port, missing dependencies, 
08.09.39  [Apache] 	improper privileges, a crash, or a shutdown by another method.
08.09.39  [Apache] 	Press the Logs button to view error logs and check
08.09.39  [Apache] 	the Windows Event Viewer for more clues
08.09.39  [Apache] 	If you need more help, copy and post this
08.09.39  [Apache] 	entire log window on the forums
08.09.41  [filezilla] 	Status change detected: running
08.09.42  [filezilla] 	Status change detected: stopped
08.09.42  [filezilla] 	Error: FileZilla shutdown unexpectedly.
08.09.42  [filezilla] 	This may be due to a blocked port, missing dependencies, 
08.09.42  [filezilla] 	improper privileges, a crash, or a shutdown by another method.
08.09.42  [filezilla] 	Press the Logs button to view error logs and check
08.09.42  [filezilla] 	the Windows Event Viewer for more clues
08.09.42  [filezilla] 	If you need more help, copy and post this
08.09.42  [filezilla] 	entire log window on the forums
08.47.25  [main] 	Deinitializing Modules
08.47.25  [main] 	Deinitializing Control Panel

08.12.41  [main] 	Initializing Control Panel
08.12.41  [main] 	Windows Version:  Home  64-bit
08.12.41  [main] 	XAMPP Version: 8.2.12
08.12.41  [main] 	Control Panel Version: 3.3.0  [ Compiled: Apr 6th 2021 ]
08.12.41  [main] 	Running with Administrator rights - good!
08.12.41  [main] 	XAMPP Installation Directory: "c:\xampp\htdocs\kelas 10\vidio\php_smk\xampp\"
08.12.41  [main] 	WARNING: Your install directory contains spaces.  This may break programs/scripts
08.12.41  [main] 	Checking for prerequisites
08.12.42  [main] 	All prerequisites found
08.12.42  [main] 	Initializing Modules
08.12.42  [main] 	Starting Check-Timer
08.12.42  [main] 	Control Panel Ready
08.12.43  [Apache] 	Attempting to start Apache service...
08.12.44  [Apache] 	Status change detected: running
08.47.25  [main] 	Deinitializing Modules
08.47.25  [main] 	Deinitializing Control Panel

08.10.16  [main] 	Initializing Control Panel
08.10.16  [main] 	Windows Version:  Home  64-bit
08.10.16  [main] 	XAMPP Version: 8.2.12
08.10.16  [main] 	Control Panel Version: 3.3.0  [ Compiled: Apr 6th 2021 ]
08.10.16  [main] 	Running with Administrator rights - good!
08.10.16  [main] 	XAMPP Installation Directory: "c:\xampp\htdocs\kelas 10\vidio\php_smk\xampp\"
08.10.16  [main] 	WARNING: Your install directory contains spaces.  This may break programs/scripts
08.10.16  [main] 	Checking for prerequisites
08.10.16  [main] 	All prerequisites found
08.10.16  [main] 	Initializing Modules
08.10.16  [Apache] 	XAMPP Apache Service is already running on port 80
08.10.16  [Apache] 	XAMPP Apache Service is already running on port 443
08.10.16  [main] 	Starting Check-Timer
08.10.16  [main] 	Control Panel Ready
08.11.37  [Apache] 	Status change detected: stopped
08.11.37  [Apache] 	Error: Apache shutdown unexpectedly.
08.11.37  [Apache] 	This may be due to a blocked port, missing dependencies, 
08.11.37  [Apache] 	improper privileges, a crash, or a shutdown by another method.
08.11.37  [Apache] 	Press the Logs button to view error logs and check
08.11.37  [Apache] 	the Windows Event Viewer for more clues
08.11.37  [Apache] 	If you need more help, copy and post this
08.11.37  [Apache] 	entire log window on the forums
08.12.44  [Apache] 	Status change detected: running
08.47.25  [main] 	Deinitializing Modules
08.47.25  [main] 	Deinitializing Control Panel

14.57.00  [main] 	Initializing Control Panel
14.57.00  [main] 	Windows Version:  Home  64-bit
14.57.00  [main] 	XAMPP Version: 8.2.12
14.57.00  [main] 	Control Panel Version: 3.3.0  [ Compiled: Apr 6th 2021 ]
14.57.00  [main] 	Running with Administrator rights - good!
14.57.00  [main] 	XAMPP Installation Directory: "c:\xampp\htdocs\kelas 10\vidio\php_smk\xampp\"
14.57.00  [main] 	WARNING: Your install directory contains spaces.  This may break programs/scripts
14.57.00  [main] 	Checking for prerequisites
14.57.03  [main] 	All prerequisites found
14.57.03  [main] 	Initializing Modules
14.57.03  [Apache] 	XAMPP Apache Service is already running on port 80
14.57.03  [Apache] 	XAMPP Apache Service is already running on port 443
14.57.03  [main] 	Starting Check-Timer
14.57.03  [main] 	Control Panel Ready
14.57.05  [Apache] 	Attempting to stop Apache service...
14.57.09  [Apache] 	Status change detected: stopped
15.09.48  [main] 	Deinitializing Modules
15.09.48  [main] 	Deinitializing Control Panel

